<?xml version="1.0" encoding="UTF-8"?>
<coverage generated="1662587311290" clover="3.2.0">
  <project timestamp="1662587311291" name="All files">
    <metrics statements="7" coveredstatements="7" conditionals="4" coveredconditionals="4" methods="4" coveredmethods="4" elements="15" coveredelements="15" complexity="0" loc="7" ncloc="7" packages="1" files="1" classes="1"/>
    <file name="calc.js" path="C:\Users\fabri\Desktop\Testing I\primerosTestUnitariosConJEST\calc.js">
      <metrics statements="7" coveredstatements="7" conditionals="4" coveredconditionals="4" methods="4" coveredmethods="4"/>
      <line num="2" count="4" type="cond" truecount="4" falsecount="0"/>
      <line num="3" count="1" type="stmt"/>
      <line num="5" count="3" type="stmt"/>
      <line num="12" count="1" type="stmt"/>
      <line num="16" count="1" type="stmt"/>
      <line num="20" count="1" type="stmt"/>
      <line num="26" count="1" type="stmt"/>
    </file>
  </project>
</coverage>
